{
  "stats": {
    "suites": 3,
    "tests": 9,
    "passes": 9,
    "pending": 0,
    "failures": 0,
    "start": "2022-04-12T09:11:12.512Z",
    "end": "2022-04-12T09:11:29.016Z",
    "duration": 4704,
    "testsRegistered": 9,
    "passPercent": 100,
    "pendingPercent": 0,
    "other": 0,
    "hasOther": false,
    "skipped": 0,
    "hasSkipped": false
  },
  "results": [
    {
      "uuid": "89aed2a2-b24f-4b45-bdfd-e136f91deb54",
      "title": "",
      "fullFile": "cypress/integration/WeatherById.spec.js",
      "file": "cypress/integration/WeatherById.spec.js",
      "beforeHooks": [],
      "afterHooks": [],
      "tests": [],
      "suites": [
        {
          "uuid": "32131d31-62ee-4289-b31d-d8e65ce83c63",
          "title": "Open Weather API - By ID suite tests",
          "fullFile": "",
          "file": "",
          "beforeHooks": [],
          "afterHooks": [],
          "tests": [
            {
              "title": "Should return Status Code 200",
              "fullTitle": "Open Weather API - By ID suite tests Should return Status Code 200",
              "timedOut": null,
              "duration": 382,
              "state": "passed",
              "speed": "fast",
              "pass": true,
              "fail": false,
              "pending": false,
              "context": null,
              "code": "for (let i = 0; i < cities.length; i++) {\n  cy.RequestById(cities[i].id).then(response => {\n    expect(response.status).to.eq(200);\n  });\n}",
              "err": {},
              "uuid": "75538a33-74c0-42e9-bbf0-3cee7cb51f73",
              "parentUUID": "32131d31-62ee-4289-b31d-d8e65ce83c63",
              "isHook": false,
              "skipped": false
            },
            {
              "title": "Should return right id and right city name",
              "fullTitle": "Open Weather API - By ID suite tests Should return right id and right city name",
              "timedOut": null,
              "duration": 318,
              "state": "passed",
              "speed": "fast",
              "pass": true,
              "fail": false,
              "pending": false,
              "context": null,
              "code": "for (let i = 0; i < cities.length; i++) {\n  cy.RequestById(cities[i].id).then(response => {\n    expect(response.body.id).to.eql(cities[i].id);\n    expect(response.body.name).to.eql((0, _formatCityName.formatCityName)(cities[i].name));\n  });\n}",
              "err": {},
              "uuid": "32512bb7-9fa9-4e67-a0d8-a13724a7bd23",
              "parentUUID": "32131d31-62ee-4289-b31d-d8e65ce83c63",
              "isHook": false,
              "skipped": false
            },
            {
              "title": "Should return a valid schema",
              "fullTitle": "Open Weather API - By ID suite tests Should return a valid schema",
              "timedOut": null,
              "duration": 468,
              "state": "passed",
              "speed": "fast",
              "pass": true,
              "fail": false,
              "pending": false,
              "context": null,
              "code": "for (let i = 0; i < cities.length; i++) {\n  cy.RequestById(cities[i].id).then(response => {\n    expect(response.body).have.property(\"coord\").to.be.an(\"object\");\n    expect(response.body).have.property(\"weather\").to.be.an(\"array\");\n    expect(response.body).have.property(\"wind\").to.be.an(\"object\");\n    expect(response.body).have.property(\"clouds\").to.be.an(\"object\");\n    expect(response.body).have.property(\"name\").to.be.a(\"string\");\n    expect(response.body).have.property(\"id\").to.be.a(\"number\");\n  });\n}",
              "err": {},
              "uuid": "b83d26d9-70fe-49a7-ac28-0827d6c70083",
              "parentUUID": "32131d31-62ee-4289-b31d-d8e65ce83c63",
              "isHook": false,
              "skipped": false
            }
          ],
          "suites": [],
          "passes": [
            "75538a33-74c0-42e9-bbf0-3cee7cb51f73",
            "32512bb7-9fa9-4e67-a0d8-a13724a7bd23",
            "b83d26d9-70fe-49a7-ac28-0827d6c70083"
          ],
          "failures": [],
          "pending": [],
          "skipped": [],
          "duration": 1168,
          "root": false,
          "rootEmpty": false,
          "_timeout": 2000
        }
      ],
      "passes": [],
      "failures": [],
      "pending": [],
      "skipped": [],
      "duration": 0,
      "root": true,
      "rootEmpty": true,
      "_timeout": 2000
    },
    {
      "uuid": "581497f3-ee87-4728-924c-cd7ebe5927a2",
      "title": "",
      "fullFile": "cypress/integration/WeatherByLatitudeLongitude.spec.js",
      "file": "cypress/integration/WeatherByLatitudeLongitude.spec.js",
      "beforeHooks": [],
      "afterHooks": [],
      "tests": [],
      "suites": [
        {
          "uuid": "d753db96-7b58-442c-a978-af631ae3130d",
          "title": "Open Weather API - By Latitude Longitude suite tests",
          "fullFile": "",
          "file": "",
          "beforeHooks": [],
          "afterHooks": [],
          "tests": [
            {
              "title": "Should return Status Code 200",
              "fullTitle": "Open Weather API - By Latitude Longitude suite tests Should return Status Code 200",
              "timedOut": null,
              "duration": 771,
              "state": "passed",
              "speed": "fast",
              "pass": true,
              "fail": false,
              "pending": false,
              "context": null,
              "code": "for (let i = 0; i < cities.length; i++) {\n  cy.RequestByLonLat(cities[i].lat, cities[i].lon).then(response => {\n    expect(response.status).to.eq(200);\n  });\n}",
              "err": {},
              "uuid": "9814ecd6-44bc-4d27-9f5f-4ccd5611c84a",
              "parentUUID": "d753db96-7b58-442c-a978-af631ae3130d",
              "isHook": false,
              "skipped": false
            },
            {
              "title": "Should return right coordonates",
              "fullTitle": "Open Weather API - By Latitude Longitude suite tests Should return right coordonates",
              "timedOut": null,
              "duration": 416,
              "state": "passed",
              "speed": "fast",
              "pass": true,
              "fail": false,
              "pending": false,
              "context": null,
              "code": "for (let i = 0; i < cities.length; i++) {\n  cy.RequestByLonLat(cities[i].lat, cities[i].lon).then(response => {\n    expect(response.body.coord).to.have.property(\"lon\");\n    expect(response.body.coord).to.have.property(\"lat\");\n  });\n}",
              "err": {},
              "uuid": "c9b39647-0ddf-4be4-9549-e8dd1e5f591d",
              "parentUUID": "d753db96-7b58-442c-a978-af631ae3130d",
              "isHook": false,
              "skipped": false
            },
            {
              "title": "Should return a valid schema",
              "fullTitle": "Open Weather API - By Latitude Longitude suite tests Should return a valid schema",
              "timedOut": null,
              "duration": 664,
              "state": "passed",
              "speed": "fast",
              "pass": true,
              "fail": false,
              "pending": false,
              "context": null,
              "code": "for (let i = 0; i < cities.length; i++) {\n  cy.RequestByLonLat(cities[i].lat, cities[i].lon).then(response => {\n    expect(response.body).have.property(\"coord\").to.be.an(\"object\");\n    expect(response.body).have.property(\"weather\").to.be.an(\"array\");\n    expect(response.body).have.property(\"wind\").to.be.an(\"object\");\n    expect(response.body).have.property(\"clouds\").to.be.an(\"object\");\n    expect(response.body).have.property(\"name\").to.be.a(\"string\");\n    expect(response.body.coord).have.property(\"lon\").to.be.a(\"number\");\n    expect(response.body.coord).have.property(\"lat\").to.be.a(\"number\");\n  });\n}",
              "err": {},
              "uuid": "b97bc319-5087-4fd8-9641-4c7dad4f7b83",
              "parentUUID": "d753db96-7b58-442c-a978-af631ae3130d",
              "isHook": false,
              "skipped": false
            }
          ],
          "suites": [],
          "passes": [
            "9814ecd6-44bc-4d27-9f5f-4ccd5611c84a",
            "c9b39647-0ddf-4be4-9549-e8dd1e5f591d",
            "b97bc319-5087-4fd8-9641-4c7dad4f7b83"
          ],
          "failures": [],
          "pending": [],
          "skipped": [],
          "duration": 1851,
          "root": false,
          "rootEmpty": false,
          "_timeout": 2000
        }
      ],
      "passes": [],
      "failures": [],
      "pending": [],
      "skipped": [],
      "duration": 0,
      "root": true,
      "rootEmpty": true,
      "_timeout": 2000
    },
    {
      "uuid": "a9d321f0-12fd-4782-bcf3-fcc763bd6d4b",
      "title": "",
      "fullFile": "cypress/integration/WeatherByCityName.spec.js",
      "file": "cypress/integration/WeatherByCityName.spec.js",
      "beforeHooks": [],
      "afterHooks": [],
      "tests": [],
      "suites": [
        {
          "uuid": "6c046d5c-b745-4e1e-b7f1-36d5d5e5eaf7",
          "title": "Open Weather API - By city Name suite tests",
          "fullFile": "",
          "file": "",
          "beforeHooks": [],
          "afterHooks": [],
          "tests": [
            {
              "title": "Should return Code 200 with valid city name",
              "fullTitle": "Open Weather API - By city Name suite tests Should return Code 200 with valid city name",
              "timedOut": null,
              "duration": 834,
              "state": "passed",
              "speed": "fast",
              "pass": true,
              "fail": false,
              "pending": false,
              "context": null,
              "code": "for (let i = 0; i < cities.length; i++) {\n  cy.RequestByCityName(cities[i].name).then(response => {\n    expect(response.status).to.eq(200);\n  });\n}",
              "err": {},
              "uuid": "2ff2d227-c927-478f-99fb-964805dfee2b",
              "parentUUID": "6c046d5c-b745-4e1e-b7f1-36d5d5e5eaf7",
              "isHook": false,
              "skipped": false
            },
            {
              "title": "Should return the right city name",
              "fullTitle": "Open Weather API - By city Name suite tests Should return the right city name",
              "timedOut": null,
              "duration": 291,
              "state": "passed",
              "speed": "fast",
              "pass": true,
              "fail": false,
              "pending": false,
              "context": null,
              "code": "for (let i = 0; i < cities.length; i++) {\n  cy.RequestByCityName(cities[i].name).then(response => {\n    expect(response.body.name).to.eql((0, _formatCityName.formatCityName)(cities[i].name));\n  });\n}",
              "err": {},
              "uuid": "94d6f095-8c4f-4d62-98ac-be8e570fd7d1",
              "parentUUID": "6c046d5c-b745-4e1e-b7f1-36d5d5e5eaf7",
              "isHook": false,
              "skipped": false
            },
            {
              "title": "Should return a valid schema",
              "fullTitle": "Open Weather API - By city Name suite tests Should return a valid schema",
              "timedOut": null,
              "duration": 560,
              "state": "passed",
              "speed": "fast",
              "pass": true,
              "fail": false,
              "pending": false,
              "context": null,
              "code": "for (let i = 0; i < cities.length; i++) {\n  cy.RequestByCityName(cities[i].name).then(response => {\n    expect(response.body).have.property(\"coord\").to.be.an(\"object\");\n    expect(response.body).have.property(\"weather\").to.be.an(\"array\");\n    expect(response.body).have.property(\"wind\").to.be.an(\"object\");\n    expect(response.body).have.property(\"clouds\").to.be.an(\"object\");\n    expect(response.body).have.property(\"name\").to.be.a(\"string\");\n  });\n}",
              "err": {},
              "uuid": "95abd6ce-0e4d-4331-ace2-2f9126570358",
              "parentUUID": "6c046d5c-b745-4e1e-b7f1-36d5d5e5eaf7",
              "isHook": false,
              "skipped": false
            }
          ],
          "suites": [],
          "passes": [
            "2ff2d227-c927-478f-99fb-964805dfee2b",
            "94d6f095-8c4f-4d62-98ac-be8e570fd7d1",
            "95abd6ce-0e4d-4331-ace2-2f9126570358"
          ],
          "failures": [],
          "pending": [],
          "skipped": [],
          "duration": 1685,
          "root": false,
          "rootEmpty": false,
          "_timeout": 2000
        }
      ],
      "passes": [],
      "failures": [],
      "pending": [],
      "skipped": [],
      "duration": 0,
      "root": true,
      "rootEmpty": true,
      "_timeout": 2000
    }
  ],
  "meta": {
    "mocha": {
      "version": "7.0.1"
    },
    "mochawesome": {
      "options": {
        "quiet": false,
        "reportFilename": "mochawesome",
        "saveHtml": false,
        "saveJson": true,
        "consoleReporter": "spec",
        "useInlineDiffs": false,
        "code": true
      },
      "version": "7.1.3"
    },
    "marge": {
      "options": {
        "reportDir": "cypress/reports",
        "overwrite": false,
        "html": false,
        "json": true
      },
      "version": "6.2.0"
    }
  }
}