{
  "stats": {
    "suites": 1,
    "tests": 3,
    "passes": 3,
    "pending": 0,
    "failures": 0,
    "start": "2022-04-12T07:23:33.239Z",
    "end": "2022-04-12T07:23:34.758Z",
    "duration": 1519,
    "testsRegistered": 3,
    "passPercent": 100,
    "pendingPercent": 0,
    "other": 0,
    "hasOther": false,
    "skipped": 0,
    "hasSkipped": false
  },
  "results": [
    {
      "uuid": "10c266e0-525c-4963-82e9-9d0fc6f20ced",
      "title": "",
      "fullFile": "cypress/integration/WeatherById.spec.js",
      "file": "cypress/integration/WeatherById.spec.js",
      "beforeHooks": [],
      "afterHooks": [],
      "tests": [],
      "suites": [
        {
          "uuid": "682e3c6f-e33b-4db8-a4e7-7878fcbdae94",
          "title": "Open Weather API - By ID suite tests",
          "fullFile": "",
          "file": "",
          "beforeHooks": [],
          "afterHooks": [],
          "tests": [
            {
              "title": "Should return Status Code 200",
              "fullTitle": "Open Weather API - By ID suite tests Should return Status Code 200",
              "timedOut": null,
              "duration": 467,
              "state": "passed",
              "speed": "fast",
              "pass": true,
              "fail": false,
              "pending": false,
              "context": null,
              "code": "for (let i = 0; i < cities.length; i++) {\n  cy.RequestById(cities[i].id).then(response => {\n    expect(response.status).to.eq(200);\n  });\n}",
              "err": {},
              "uuid": "4b7c2859-08c1-45f7-9b76-26dba82d8e30",
              "parentUUID": "682e3c6f-e33b-4db8-a4e7-7878fcbdae94",
              "isHook": false,
              "skipped": false
            },
            {
              "title": "Should return right id and right city name",
              "fullTitle": "Open Weather API - By ID suite tests Should return right id and right city name",
              "timedOut": null,
              "duration": 355,
              "state": "passed",
              "speed": "fast",
              "pass": true,
              "fail": false,
              "pending": false,
              "context": null,
              "code": "for (let i = 0; i < cities.length; i++) {\n  cy.RequestById(cities[i].id).then(response => {\n    expect(response.body.id).to.eql(cities[i].id);\n    expect(response.body.name).to.eql(formatCityName(i));\n  });\n}",
              "err": {},
              "uuid": "1961934d-5db6-432d-a0a2-6b822f1d4905",
              "parentUUID": "682e3c6f-e33b-4db8-a4e7-7878fcbdae94",
              "isHook": false,
              "skipped": false
            },
            {
              "title": "Should return a valid schema",
              "fullTitle": "Open Weather API - By ID suite tests Should return a valid schema",
              "timedOut": null,
              "duration": 579,
              "state": "passed",
              "speed": "fast",
              "pass": true,
              "fail": false,
              "pending": false,
              "context": null,
              "code": "for (let i = 0; i < cities.length; i++) {\n  cy.RequestById(cities[i].id).then(response => {\n    expect(response.body).have.property(\"coord\").to.be.an(\"object\");\n    expect(response.body).have.property(\"weather\").to.be.an(\"array\");\n    expect(response.body).have.property(\"wind\").to.be.an(\"object\");\n    expect(response.body).have.property(\"clouds\").to.be.an(\"object\");\n    expect(response.body).have.property(\"name\").to.be.a(\"string\");\n    expect(response.body).have.property(\"id\").to.be.a(\"number\");\n  });\n}",
              "err": {},
              "uuid": "a4dd3ee1-72cd-44d7-a407-0d2bdf8500d1",
              "parentUUID": "682e3c6f-e33b-4db8-a4e7-7878fcbdae94",
              "isHook": false,
              "skipped": false
            }
          ],
          "suites": [],
          "passes": [
            "4b7c2859-08c1-45f7-9b76-26dba82d8e30",
            "1961934d-5db6-432d-a0a2-6b822f1d4905",
            "a4dd3ee1-72cd-44d7-a407-0d2bdf8500d1"
          ],
          "failures": [],
          "pending": [],
          "skipped": [],
          "duration": 1401,
          "root": false,
          "rootEmpty": false,
          "_timeout": 2000
        }
      ],
      "passes": [],
      "failures": [],
      "pending": [],
      "skipped": [],
      "duration": 0,
      "root": true,
      "rootEmpty": true,
      "_timeout": 2000
    }
  ],
  "meta": {
    "mocha": {
      "version": "7.0.1"
    },
    "mochawesome": {
      "options": {
        "quiet": false,
        "reportFilename": "mochawesome",
        "saveHtml": false,
        "saveJson": true,
        "consoleReporter": "spec",
        "useInlineDiffs": false,
        "code": true
      },
      "version": "7.1.3"
    },
    "marge": {
      "options": {
        "reportDir": "cypress/reports",
        "overwrite": false,
        "html": false,
        "json": true
      },
      "version": "6.2.0"
    }
  }
}