{
  "stats": {
    "suites": 1,
    "tests": 3,
    "passes": 3,
    "pending": 0,
    "failures": 0,
    "start": "2022-04-12T09:11:12.512Z",
    "end": "2022-04-12T09:11:14.294Z",
    "duration": 1782,
    "testsRegistered": 3,
    "passPercent": 100,
    "pendingPercent": 0,
    "other": 0,
    "hasOther": false,
    "skipped": 0,
    "hasSkipped": false
  },
  "results": [
    {
      "uuid": "a9d321f0-12fd-4782-bcf3-fcc763bd6d4b",
      "title": "",
      "fullFile": "cypress/integration/WeatherByCityName.spec.js",
      "file": "cypress/integration/WeatherByCityName.spec.js",
      "beforeHooks": [],
      "afterHooks": [],
      "tests": [],
      "suites": [
        {
          "uuid": "6c046d5c-b745-4e1e-b7f1-36d5d5e5eaf7",
          "title": "Open Weather API - By city Name suite tests",
          "fullFile": "",
          "file": "",
          "beforeHooks": [],
          "afterHooks": [],
          "tests": [
            {
              "title": "Should return Code 200 with valid city name",
              "fullTitle": "Open Weather API - By city Name suite tests Should return Code 200 with valid city name",
              "timedOut": null,
              "duration": 834,
              "state": "passed",
              "speed": "fast",
              "pass": true,
              "fail": false,
              "pending": false,
              "context": null,
              "code": "for (let i = 0; i < cities.length; i++) {\n  cy.RequestByCityName(cities[i].name).then(response => {\n    expect(response.status).to.eq(200);\n  });\n}",
              "err": {},
              "uuid": "2ff2d227-c927-478f-99fb-964805dfee2b",
              "parentUUID": "6c046d5c-b745-4e1e-b7f1-36d5d5e5eaf7",
              "isHook": false,
              "skipped": false
            },
            {
              "title": "Should return the right city name",
              "fullTitle": "Open Weather API - By city Name suite tests Should return the right city name",
              "timedOut": null,
              "duration": 291,
              "state": "passed",
              "speed": "fast",
              "pass": true,
              "fail": false,
              "pending": false,
              "context": null,
              "code": "for (let i = 0; i < cities.length; i++) {\n  cy.RequestByCityName(cities[i].name).then(response => {\n    expect(response.body.name).to.eql((0, _formatCityName.formatCityName)(cities[i].name));\n  });\n}",
              "err": {},
              "uuid": "94d6f095-8c4f-4d62-98ac-be8e570fd7d1",
              "parentUUID": "6c046d5c-b745-4e1e-b7f1-36d5d5e5eaf7",
              "isHook": false,
              "skipped": false
            },
            {
              "title": "Should return a valid schema",
              "fullTitle": "Open Weather API - By city Name suite tests Should return a valid schema",
              "timedOut": null,
              "duration": 560,
              "state": "passed",
              "speed": "fast",
              "pass": true,
              "fail": false,
              "pending": false,
              "context": null,
              "code": "for (let i = 0; i < cities.length; i++) {\n  cy.RequestByCityName(cities[i].name).then(response => {\n    expect(response.body).have.property(\"coord\").to.be.an(\"object\");\n    expect(response.body).have.property(\"weather\").to.be.an(\"array\");\n    expect(response.body).have.property(\"wind\").to.be.an(\"object\");\n    expect(response.body).have.property(\"clouds\").to.be.an(\"object\");\n    expect(response.body).have.property(\"name\").to.be.a(\"string\");\n  });\n}",
              "err": {},
              "uuid": "95abd6ce-0e4d-4331-ace2-2f9126570358",
              "parentUUID": "6c046d5c-b745-4e1e-b7f1-36d5d5e5eaf7",
              "isHook": false,
              "skipped": false
            }
          ],
          "suites": [],
          "passes": [
            "2ff2d227-c927-478f-99fb-964805dfee2b",
            "94d6f095-8c4f-4d62-98ac-be8e570fd7d1",
            "95abd6ce-0e4d-4331-ace2-2f9126570358"
          ],
          "failures": [],
          "pending": [],
          "skipped": [],
          "duration": 1685,
          "root": false,
          "rootEmpty": false,
          "_timeout": 2000
        }
      ],
      "passes": [],
      "failures": [],
      "pending": [],
      "skipped": [],
      "duration": 0,
      "root": true,
      "rootEmpty": true,
      "_timeout": 2000
    }
  ],
  "meta": {
    "mocha": {
      "version": "7.0.1"
    },
    "mochawesome": {
      "options": {
        "quiet": false,
        "reportFilename": "mochawesome",
        "saveHtml": false,
        "saveJson": true,
        "consoleReporter": "spec",
        "useInlineDiffs": false,
        "code": true
      },
      "version": "7.1.3"
    },
    "marge": {
      "options": {
        "reportDir": "cypress/reports",
        "overwrite": false,
        "html": false,
        "json": true
      },
      "version": "6.2.0"
    }
  }
}