{
  "stats": {
    "suites": 1,
    "tests": 3,
    "passes": 3,
    "pending": 0,
    "failures": 0,
    "start": "2022-04-12T09:11:20.899Z",
    "end": "2022-04-12T09:11:22.158Z",
    "duration": 1259,
    "testsRegistered": 3,
    "passPercent": 100,
    "pendingPercent": 0,
    "other": 0,
    "hasOther": false,
    "skipped": 0,
    "hasSkipped": false
  },
  "results": [
    {
      "uuid": "89aed2a2-b24f-4b45-bdfd-e136f91deb54",
      "title": "",
      "fullFile": "cypress/integration/WeatherById.spec.js",
      "file": "cypress/integration/WeatherById.spec.js",
      "beforeHooks": [],
      "afterHooks": [],
      "tests": [],
      "suites": [
        {
          "uuid": "32131d31-62ee-4289-b31d-d8e65ce83c63",
          "title": "Open Weather API - By ID suite tests",
          "fullFile": "",
          "file": "",
          "beforeHooks": [],
          "afterHooks": [],
          "tests": [
            {
              "title": "Should return Status Code 200",
              "fullTitle": "Open Weather API - By ID suite tests Should return Status Code 200",
              "timedOut": null,
              "duration": 382,
              "state": "passed",
              "speed": "fast",
              "pass": true,
              "fail": false,
              "pending": false,
              "context": null,
              "code": "for (let i = 0; i < cities.length; i++) {\n  cy.RequestById(cities[i].id).then(response => {\n    expect(response.status).to.eq(200);\n  });\n}",
              "err": {},
              "uuid": "75538a33-74c0-42e9-bbf0-3cee7cb51f73",
              "parentUUID": "32131d31-62ee-4289-b31d-d8e65ce83c63",
              "isHook": false,
              "skipped": false
            },
            {
              "title": "Should return right id and right city name",
              "fullTitle": "Open Weather API - By ID suite tests Should return right id and right city name",
              "timedOut": null,
              "duration": 318,
              "state": "passed",
              "speed": "fast",
              "pass": true,
              "fail": false,
              "pending": false,
              "context": null,
              "code": "for (let i = 0; i < cities.length; i++) {\n  cy.RequestById(cities[i].id).then(response => {\n    expect(response.body.id).to.eql(cities[i].id);\n    expect(response.body.name).to.eql((0, _formatCityName.formatCityName)(cities[i].name));\n  });\n}",
              "err": {},
              "uuid": "32512bb7-9fa9-4e67-a0d8-a13724a7bd23",
              "parentUUID": "32131d31-62ee-4289-b31d-d8e65ce83c63",
              "isHook": false,
              "skipped": false
            },
            {
              "title": "Should return a valid schema",
              "fullTitle": "Open Weather API - By ID suite tests Should return a valid schema",
              "timedOut": null,
              "duration": 468,
              "state": "passed",
              "speed": "fast",
              "pass": true,
              "fail": false,
              "pending": false,
              "context": null,
              "code": "for (let i = 0; i < cities.length; i++) {\n  cy.RequestById(cities[i].id).then(response => {\n    expect(response.body).have.property(\"coord\").to.be.an(\"object\");\n    expect(response.body).have.property(\"weather\").to.be.an(\"array\");\n    expect(response.body).have.property(\"wind\").to.be.an(\"object\");\n    expect(response.body).have.property(\"clouds\").to.be.an(\"object\");\n    expect(response.body).have.property(\"name\").to.be.a(\"string\");\n    expect(response.body).have.property(\"id\").to.be.a(\"number\");\n  });\n}",
              "err": {},
              "uuid": "b83d26d9-70fe-49a7-ac28-0827d6c70083",
              "parentUUID": "32131d31-62ee-4289-b31d-d8e65ce83c63",
              "isHook": false,
              "skipped": false
            }
          ],
          "suites": [],
          "passes": [
            "75538a33-74c0-42e9-bbf0-3cee7cb51f73",
            "32512bb7-9fa9-4e67-a0d8-a13724a7bd23",
            "b83d26d9-70fe-49a7-ac28-0827d6c70083"
          ],
          "failures": [],
          "pending": [],
          "skipped": [],
          "duration": 1168,
          "root": false,
          "rootEmpty": false,
          "_timeout": 2000
        }
      ],
      "passes": [],
      "failures": [],
      "pending": [],
      "skipped": [],
      "duration": 0,
      "root": true,
      "rootEmpty": true,
      "_timeout": 2000
    }
  ],
  "meta": {
    "mocha": {
      "version": "7.0.1"
    },
    "mochawesome": {
      "options": {
        "quiet": false,
        "reportFilename": "mochawesome",
        "saveHtml": false,
        "saveJson": true,
        "consoleReporter": "spec",
        "useInlineDiffs": false,
        "code": true
      },
      "version": "7.1.3"
    },
    "marge": {
      "options": {
        "reportDir": "cypress/reports",
        "overwrite": false,
        "html": false,
        "json": true
      },
      "version": "6.2.0"
    }
  }
}