{
  "stats": {
    "suites": 1,
    "tests": 3,
    "passes": 3,
    "pending": 0,
    "failures": 0,
    "start": "2022-04-12T07:23:39.959Z",
    "end": "2022-04-12T07:23:41.538Z",
    "duration": 1579,
    "testsRegistered": 3,
    "passPercent": 100,
    "pendingPercent": 0,
    "other": 0,
    "hasOther": false,
    "skipped": 0,
    "hasSkipped": false
  },
  "results": [
    {
      "uuid": "085de33b-2d1f-4b09-984c-65a9faa84318",
      "title": "",
      "fullFile": "cypress/integration/WeatherByLatitudeLongitude.spec.js",
      "file": "cypress/integration/WeatherByLatitudeLongitude.spec.js",
      "beforeHooks": [],
      "afterHooks": [],
      "tests": [],
      "suites": [
        {
          "uuid": "819d3492-0bec-4521-bf50-05078c8fca76",
          "title": "Open Weather API - By Latitude Longitude suite tests",
          "fullFile": "",
          "file": "",
          "beforeHooks": [],
          "afterHooks": [],
          "tests": [
            {
              "title": "Should return Status Code 200",
              "fullTitle": "Open Weather API - By Latitude Longitude suite tests Should return Status Code 200",
              "timedOut": null,
              "duration": 449,
              "state": "passed",
              "speed": "fast",
              "pass": true,
              "fail": false,
              "pending": false,
              "context": null,
              "code": "for (let i = 0; i < cities.length; i++) {\n  cy.RequestByLonLat(cities[i].lat, cities[i].lon).then(response => {\n    expect(response.status).to.eq(200);\n  });\n}",
              "err": {},
              "uuid": "4048a691-ac38-41a6-baaf-c45190542bec",
              "parentUUID": "819d3492-0bec-4521-bf50-05078c8fca76",
              "isHook": false,
              "skipped": false
            },
            {
              "title": "Should return right coordonates",
              "fullTitle": "Open Weather API - By Latitude Longitude suite tests Should return right coordonates",
              "timedOut": null,
              "duration": 351,
              "state": "passed",
              "speed": "fast",
              "pass": true,
              "fail": false,
              "pending": false,
              "context": null,
              "code": "for (let i = 0; i < cities.length; i++) {\n  cy.RequestByLonLat(cities[i].lat, cities[i].lon).then(response => {\n    expect(response.body.coord).to.have.property(\"lon\");\n    expect(response.body.coord).to.have.property(\"lat\");\n  });\n}",
              "err": {},
              "uuid": "238aeaeb-e67b-41e7-a6df-7083e0003a7b",
              "parentUUID": "819d3492-0bec-4521-bf50-05078c8fca76",
              "isHook": false,
              "skipped": false
            },
            {
              "title": "Should return a valid schema",
              "fullTitle": "Open Weather API - By Latitude Longitude suite tests Should return a valid schema",
              "timedOut": null,
              "duration": 660,
              "state": "passed",
              "speed": "fast",
              "pass": true,
              "fail": false,
              "pending": false,
              "context": null,
              "code": "for (let i = 0; i < cities.length; i++) {\n  cy.RequestByLonLat(cities[i].lat, cities[i].lon).then(response => {\n    expect(response.body).have.property(\"coord\").to.be.an(\"object\");\n    expect(response.body).have.property(\"weather\").to.be.an(\"array\");\n    expect(response.body).have.property(\"wind\").to.be.an(\"object\");\n    expect(response.body).have.property(\"clouds\").to.be.an(\"object\");\n    expect(response.body).have.property(\"name\").to.be.a(\"string\");\n    expect(response.body.coord).have.property(\"lon\").to.be.a(\"number\");\n    expect(response.body.coord).have.property(\"lat\").to.be.a(\"number\");\n  });\n}",
              "err": {},
              "uuid": "5cb129a3-ae7e-4b0e-9dc1-12abe800ff15",
              "parentUUID": "819d3492-0bec-4521-bf50-05078c8fca76",
              "isHook": false,
              "skipped": false
            }
          ],
          "suites": [],
          "passes": [
            "4048a691-ac38-41a6-baaf-c45190542bec",
            "238aeaeb-e67b-41e7-a6df-7083e0003a7b",
            "5cb129a3-ae7e-4b0e-9dc1-12abe800ff15"
          ],
          "failures": [],
          "pending": [],
          "skipped": [],
          "duration": 1460,
          "root": false,
          "rootEmpty": false,
          "_timeout": 2000
        }
      ],
      "passes": [],
      "failures": [],
      "pending": [],
      "skipped": [],
      "duration": 0,
      "root": true,
      "rootEmpty": true,
      "_timeout": 2000
    }
  ],
  "meta": {
    "mocha": {
      "version": "7.0.1"
    },
    "mochawesome": {
      "options": {
        "quiet": false,
        "reportFilename": "mochawesome",
        "saveHtml": false,
        "saveJson": true,
        "consoleReporter": "spec",
        "useInlineDiffs": false,
        "code": true
      },
      "version": "7.1.3"
    },
    "marge": {
      "options": {
        "reportDir": "cypress/reports",
        "overwrite": false,
        "html": false,
        "json": true
      },
      "version": "6.2.0"
    }
  }
}