{
  "stats": {
    "suites": 1,
    "tests": 3,
    "passes": 3,
    "pending": 0,
    "failures": 0,
    "start": "2022-04-12T07:23:24.583Z",
    "end": "2022-04-12T07:23:26.474Z",
    "duration": 1891,
    "testsRegistered": 3,
    "passPercent": 100,
    "pendingPercent": 0,
    "other": 0,
    "hasOther": false,
    "skipped": 0,
    "hasSkipped": false
  },
  "results": [
    {
      "uuid": "8d713632-26b4-4412-aaa4-9ecc36c04c8f",
      "title": "",
      "fullFile": "cypress/integration/WeatherByCityName.spec.js",
      "file": "cypress/integration/WeatherByCityName.spec.js",
      "beforeHooks": [],
      "afterHooks": [],
      "tests": [],
      "suites": [
        {
          "uuid": "5e6a7110-af76-4a18-89c7-7b269b255588",
          "title": "Open Weather API - By city Name suite tests",
          "fullFile": "",
          "file": "",
          "beforeHooks": [],
          "afterHooks": [],
          "tests": [
            {
              "title": "Should return Code 200 with valid city name",
              "fullTitle": "Open Weather API - By city Name suite tests Should return Code 200 with valid city name",
              "timedOut": null,
              "duration": 763,
              "state": "passed",
              "speed": "fast",
              "pass": true,
              "fail": false,
              "pending": false,
              "context": null,
              "code": "for (let i = 0; i < cities.length; i++) {\n  cy.RequestByCityName(cities[i].name).then(response => {\n    expect(response.status).to.eq(200);\n  });\n}",
              "err": {},
              "uuid": "a92460a4-97a7-4c23-9822-9fb3130e8113",
              "parentUUID": "5e6a7110-af76-4a18-89c7-7b269b255588",
              "isHook": false,
              "skipped": false
            },
            {
              "title": "Should return the right city name",
              "fullTitle": "Open Weather API - By city Name suite tests Should return the right city name",
              "timedOut": null,
              "duration": 362,
              "state": "passed",
              "speed": "fast",
              "pass": true,
              "fail": false,
              "pending": false,
              "context": null,
              "code": "for (let i = 0; i < cities.length; i++) {\n  cy.RequestByCityName(cities[i].name).then(response => {\n    expect(response.body.name).to.eql(formatCityName(i));\n  });\n}",
              "err": {},
              "uuid": "0094f3ff-f0f3-42a5-81cb-a6439e5505d1",
              "parentUUID": "5e6a7110-af76-4a18-89c7-7b269b255588",
              "isHook": false,
              "skipped": false
            },
            {
              "title": "Should return a valid schema",
              "fullTitle": "Open Weather API - By city Name suite tests Should return a valid schema",
              "timedOut": null,
              "duration": 649,
              "state": "passed",
              "speed": "fast",
              "pass": true,
              "fail": false,
              "pending": false,
              "context": null,
              "code": "for (let i = 0; i < cities.length; i++) {\n  cy.RequestByCityName(cities[i].name).then(response => {\n    expect(response.body).have.property(\"coord\").to.be.an(\"object\");\n    expect(response.body).have.property(\"weather\").to.be.an(\"array\");\n    expect(response.body).have.property(\"wind\").to.be.an(\"object\");\n    expect(response.body).have.property(\"clouds\").to.be.an(\"object\");\n    expect(response.body).have.property(\"name\").to.be.a(\"string\");\n  });\n}",
              "err": {},
              "uuid": "d382ea80-9384-4bf4-8057-ab9af7fec4c4",
              "parentUUID": "5e6a7110-af76-4a18-89c7-7b269b255588",
              "isHook": false,
              "skipped": false
            }
          ],
          "suites": [],
          "passes": [
            "a92460a4-97a7-4c23-9822-9fb3130e8113",
            "0094f3ff-f0f3-42a5-81cb-a6439e5505d1",
            "d382ea80-9384-4bf4-8057-ab9af7fec4c4"
          ],
          "failures": [],
          "pending": [],
          "skipped": [],
          "duration": 1774,
          "root": false,
          "rootEmpty": false,
          "_timeout": 2000
        }
      ],
      "passes": [],
      "failures": [],
      "pending": [],
      "skipped": [],
      "duration": 0,
      "root": true,
      "rootEmpty": true,
      "_timeout": 2000
    }
  ],
  "meta": {
    "mocha": {
      "version": "7.0.1"
    },
    "mochawesome": {
      "options": {
        "quiet": false,
        "reportFilename": "mochawesome",
        "saveHtml": false,
        "saveJson": true,
        "consoleReporter": "spec",
        "useInlineDiffs": false,
        "code": true
      },
      "version": "7.1.3"
    },
    "marge": {
      "options": {
        "reportDir": "cypress/reports",
        "overwrite": false,
        "html": false,
        "json": true
      },
      "version": "6.2.0"
    }
  }
}